gps(15555215554_000000000000000,6/10/2014,18:31:04,23.0,13.0,android)
gps(_351880057387987,6/10/2014,18:32:48,35.305214,25.072315,android)
gps(_351880057387987,6/10/2014,18:32:49,35.305073,25.072426,android)
gps(_351880057387987,6/10/2014,18:32:50,35.30509,25.072365,android)
gps(_351880057387987,6/10/2014,18:32:51,35.305027,25.072252,android)
gps(_351880057387987,6/10/2014,18:32:52,35.305088,25.072184,android)
gps(_351880057387987,6/10/2014,18:32:53,35.30516,25.072098,android)
gps(_351880057387987,6/10/2014,18:32:54,35.30513,25.072067,android)
gps(_351880057387987,6/10/2014,18:32:55,35.305042,25.072166,android)
gps(_351880057387987,6/10/2014,18:32:56,35.305172,25.072252,android)
gps(_351880057387987,6/10/2014,18:32:57,35.30506,25.072178,android)
gps(_351880057387987,6/10/2014,18:32:58,35.305367,25.071781,android)
gps(_351880057387987,6/10/2014,18:32:59,35.30535,25.07178,android)
gps(_351880057387987,6/10/2014,18:33:00,35.305244,25.071842,android)
gps(_351880057387987,6/10/2014,18:33:01,35.30528,25.071527,android)
gps(_351880057387987,6/10/2014,18:33:02,35.305256,25.071888,android)
gps(_351880057387987,6/10/2014,18:33:03,35.305202,25.071766,android)
gps(_351880057387987,6/10/2014,18:33:04,35.30505,25.071575,android)
gps(_351880057387987,6/10/2014,18:33:05,35.305122,25.07166,android)
gps(_351880057387987,6/10/2014,18:33:08,35.304905,25.071806,android)
gps(_351880057387987,6/10/2014,18:33:15,35.305325,25.071856,android)
gps(_351880057387987,6/10/2014,18:33:16,35.30533,25.071844,android)
gps(_351880057387987,6/10/2014,18:33:17,35.30537,25.071674,android)
gps(_351880057387987,6/10/2014,19:44:23,35.341396,25.127657,android)
gps(_351880057387987,6/10/2014,19:44:24,35.341396,25.127676,android)
gps(_351880057387987,6/10/2014,19:44:24,35.341366,25.127554,android)
gps(_351880057387987,6/10/2014,19:44:25,35.341377,25.127531,android)
gps(_351880057387987,6/10/2014,19:44:26,35.34138,25.1275,android)
gps(_351880057387987,6/10/2014,19:44:28,35.34143,25.127523,android)
gps(_351880057387987,6/10/2014,19:44:29,35.34143,25.12749,android)
gps(_351880057387987,6/10/2014,19:44:29,35.341373,25.127518,android)
gps(_351880057387987,6/10/2014,19:44:30,35.341377,25.127525,android)
gps(_351880057387987,6/10/2014,19:44:31,35.341377,25.127544,android)
gps(_351880057387987,6/10/2014,19:44:32,35.341366,25.127571,android)
gps(_351880057387987,6/10/2014,19:44:33,35.34135,25.127602,android)
gps(_351880057387987,6/10/2014,19:44:34,35.34135,25.127588,android)
gps(_351880057387987,6/10/2014,19:44:35,35.341362,25.127586,android)
gps(_351880057387987,6/10/2014,19:44:36,35.341354,25.127565,android)
gps(_351880057387987,6/10/2014,19:44:37,35.34137,25.127556,android)
gps(_351880057387987,6/10/2014,19:44:38,35.34133,25.127575,android)
gps(_351880057387987,6/10/2014,19:44:39,35.34135,25.12757,android)
gps(_351880057387987,6/10/2014,19:44:40,35.341362,25.127504,android)
gps(_351880057387987,6/10/2014,19:44:41,35.341396,25.127476,android)
gps(_351880057387987,6/10/2014,19:44:43,35.341385,25.127472,android)
gps(_351880057387987,6/10/2014,19:44:58,35.341423,25.127449,android)
gps(_351880057387987,6/10/2014,19:45:04,35.341503,25.127428,android)
gps(_351880057387987,6/10/2014,19:45:11,35.3415,25.127419,android)
gps(_351880057387987,6/10/2014,19:45:17,35.341442,25.127441,android)
gps(_351880057387987,6/10/2014,19:45:28,35.341404,25.127497,android)
gps(_351880057387987,6/10/2014,19:45:34,35.341366,25.127535,android)
gps(_351880057387987,6/10/2014,19:45:40,35.341362,25.127527,android)
gps(_351880057387987,6/10/2014,19:45:47,35.341362,25.12754,android)
gps(_351880057387987,6/10/2014,19:45:53,35.341377,25.127542,android)
gps(_351880057387987,6/10/2014,19:45:57,35.341366,25.127602,android)
gps(_351880057387987,6/10/2014,19:45:59,35.341354,25.127628,android)
gps(_351880057387987,6/10/2014,19:46:00,35.34134,25.127623,android)
gps(_351880057387987,6/10/2014,19:46:01,35.341328,25.127596,android)
gps(_351880057387987,6/10/2014,19:46:01,35.341354,25.12761,android)
gps(_351880057387987,6/10/2014,19:46:02,35.34136,25.127562,android)
gps(_351880057387987,6/10/2014,19:46:02,35.341343,25.127583,android)
gps(_351880057387987,6/10/2014,19:46:03,35.341343,25.127563,android)
gps(_351880057387987,6/10/2014,19:46:03,35.34135,25.12757,android)
gps(_351880057387987,6/10/2014,19:46:04,35.341335,25.127579,android)
gps(_351880057387987,6/10/2014,19:46:04,35.34133,25.127619,android)
gps(_351880057387987,6/10/2014,19:46:04,35.341328,25.127647,android)
gps(_351880057387987,6/10/2014,19:46:05,35.34133,25.12762,android)
gps(_351880057387987,6/10/2014,19:46:06,35.341354,25.12761,android)
gps(_351880057387987,6/10/2014,19:46:06,35.341324,25.127659,android)
gps(_351880057387987,6/10/2014,19:46:06,35.34134,25.127647,android)
gps(_351880057387987,6/10/2014,19:46:07,35.341328,25.127684,android)
gps(_351880057387987,6/10/2014,19:46:07,35.3413,25.127708,android)
gps(_351880057387987,6/10/2014,19:46:07,35.341335,25.12766,android)
gps(_351880057387987,6/10/2014,19:46:08,35.34131,25.127644,android)
gps(_351880057387987,6/10/2014,19:46:09,35.341324,25.12763,android)
gps(_351880057387987,6/10/2014,19:46:10,35.341335,25.127565,android)
gps(_351880057387987,6/10/2014,19:46:11,35.34134,25.127487,android)
gps(_351880057387987,6/10/2014,19:46:12,35.341324,25.127506,android)
gps(_351880057387987,6/10/2014,19:46:15,35.341293,25.127531,android)
gps(_351880057387987,6/10/2014,19:46:22,35.341297,25.127554,android)
gps(_351880057387987,6/10/2014,19:46:31,35.34133,25.127518,android)
gps(_351880057387987,6/10/2014,19:46:37,35.341347,25.127527,android)
gps(_351880057387987,6/10/2014,19:46:43,35.34136,25.12753,android)
gps(_351880057387987,6/10/2014,19:46:50,35.341335,25.127525,android)
gps(_351880057387987,6/10/2014,19:47:11,35.341312,25.127792,android)
gps(_351880057387987,6/10/2014,19:47:18,35.34138,25.127716,android)
gps(_351880057387987,6/10/2014,19:47:26,35.34135,25.12776,android)
gps(_351880057387987,6/10/2014,19:47:36,35.34135,25.127796,android)
gps(_351880057387987,6/10/2014,19:47:44,35.341366,25.127731,android)
gps(_351880057387987,6/10/2014,19:47:51,35.341312,25.127707,android)
gps(_351880057387987,6/10/2014,19:48:02,35.34139,25.127686,android)
gps(_351880057387987,6/10/2014,19:48:02,35.341354,25.12775,android)
gps(_351880057387987,6/10/2014,19:48:05,35.341343,25.127699,android)
gps(_351880057387987,6/10/2014,19:48:06,35.341274,25.127771,android)
gps(_351880057387987,6/10/2014,19:48:07,35.341286,25.127779,android)
gps(_351880057387987,6/10/2014,19:48:52,35.341324,25.127674,android)
gps(_351880057387987,6/10/2014,19:50:36,35.341354,25.127594,android)
gps(_351880057387987,6/10/2014,19:50:37,35.34136,25.127579,android)
gps(_351880057387987,6/10/2014,19:51:12,35.341347,25.127562,android)
gps(_351880057387987,6/10/2014,23:29:39,35.3407,25.137045,android)
gps(_351880057387987,6/10/2014,23:29:40,35.34073,25.13703,android)
gps(_351880057387987,6/10/2014,23:29:41,35.34074,25.137064,android)
gps(_351880057387987,6/10/2014,23:29:42,35.34054,25.137081,android)
gps(_351880057387987,6/10/2014,23:29:43,35.340538,25.137075,android)
gps(_351880057387987,6/10/2014,23:29:44,35.340584,25.137054,android)
gps(_351880057387987,6/10/2014,23:29:45,35.340652,25.136976,android)
gps(_351880057387987,6/10/2014,23:29:46,35.340626,25.137007,android)
gps(_351880057387987,6/10/2014,23:29:47,35.3406,25.136929,android)
gps(_351880057387987,6/10/2014,23:29:48,35.3405,25.137001,android)
gps(_351880057387987,6/10/2014,23:29:49,35.340565,25.137077,android)
gps(_351880057387987,6/10/2014,23:29:50,35.34051,25.137098,android)
gps(_351880057387987,6/10/2014,23:29:51,35.340454,25.13688,android)
gps(_351880057387987,6/10/2014,23:29:52,35.340546,25.136814,android)
gps(_351880057387987,6/10/2014,23:29:53,35.34066,25.136932,android)
gps(_351880057387987,6/10/2014,23:29:54,35.3407,25.136908,android)
gps(_351880057387987,6/10/2014,23:29:56,35.340633,25.136822,android)
gps(_351880057387987,6/10/2014,23:29:56,35.340775,25.13684,android)
gps(_351880057387987,6/10/2014,23:29:57,35.340717,25.136877,android)
gps(_351880057387987,6/10/2014,23:29:58,35.340607,25.136908,android)
gps(_351880057387987,6/10/2014,23:29:59,35.340572,25.136871,android)
gps(_351880057387987,6/10/2014,23:30:00,35.340664,25.136864,android)
gps(_351880057387987,6/10/2014,23:30:01,35.340633,25.1369,android)
gps(_351880057387987,6/10/2014,23:30:02,35.34059,25.136906,android)
gps(_351880057387987,6/10/2014,23:30:03,35.340633,25.13692,android)
gps(_351880057387987,6/10/2014,23:30:04,35.34057,25.136786,android)
gps(_351880057387987,6/10/2014,23:30:05,35.34068,25.136812,android)
gps(_351880057387987,6/10/2014,23:30:06,35.340744,25.137049,android)
gps(_351880057387987,6/10/2014,23:30:07,35.34075,25.137054,android)
gps(_351880057387987,6/10/2014,23:30:08,35.340733,25.13704,android)
gps(_351880057387987,6/10/2014,23:40:33,35.34051,25.136879,android)
gps(_351880057387987,6/10/2014,23:40:34,35.340538,25.136892,android)
gps(_351880057387987,6/10/2014,23:40:35,35.34056,25.136877,android)
gps(_351880057387987,6/10/2014,23:40:36,35.34057,25.136868,android)
gps(_351880057387987,6/10/2014,23:40:37,35.34057,25.136864,android)
gps(_351880057387987,6/10/2014,23:40:38,35.340572,25.13686,android)
gps(_351880057387987,6/10/2014,23:40:39,35.34057,25.136837,android)
gps(_351880057387987,6/10/2014,23:40:40,35.34056,25.136831,android)
gps(_351880057387987,6/10/2014,23:40:41,35.340595,25.136843,android)
gps(_351880057387987,6/10/2014,23:40:43,35.340607,25.136868,android)
gps(_351880057387987,6/10/2014,23:40:44,35.340603,25.136868,android)
gps(_351880057387987,6/10/2014,23:40:45,35.340603,25.136868,android)
gps(_351880057387987,6/10/2014,23:40:46,35.340607,25.136866,android)
gps(_351880057387987,6/10/2014,23:40:47,35.34062,25.136858,android)
gps(_351880057387987,6/10/2014,23:40:48,35.340614,25.136864,android)
gps(_351880057387987,6/10/2014,23:40:49,35.34062,25.136862,android)
gps(_351880057387987,6/10/2014,23:40:50,35.34062,25.136862,android)
gps(_351880057387987,6/10/2014,23:40:51,35.34062,25.136862,android)
gps(_351880057387987,6/10/2014,23:40:52,35.34062,25.136862,android)
gps(_351880057387987,6/10/2014,23:40:53,35.34062,25.136862,android)
gps(_351880057387987,6/10/2014,23:40:54,35.34062,25.136862,android)
gps(_351880057387987,6/10/2014,23:40:55,35.34062,25.136862,android)
gps(_351880057387987,6/10/2014,23:40:56,35.34062,25.136862,android)
gps(_351880057387987,6/10/2014,23:40:57,35.34062,25.136862,android)
gps(_351880057387987,6/10/2014,23:40:58,35.34062,25.136862,android)
gps(_351880057387987,6/10/2014,23:40:59,35.34062,25.136862,android)
gps(_351880057387987,6/10/2014,23:41:00,35.34062,25.136862,android)
gps(_351880057387987,6/10/2014,23:41:01,35.34062,25.136862,android)
gps(_351880057387987,6/10/2014,23:41:02,35.34062,25.136862,android)
gps(_351880057387987,6/10/2014,23:41:03,35.34062,25.136862,android)
gps(_351880057387987,6/10/2014,23:41:04,35.34062,25.136862,android)
gps(_351880057387987,6/10/2014,23:41:05,35.34062,25.136862,android)
gps(_351880057387987,6/10/2014,23:41:06,35.34062,25.136862,android)
gps(_351880057387987,6/10/2014,23:41:07,35.34062,25.136862,android)
gps(_351880057387987,6/10/2014,23:41:08,35.34062,25.136862,android)
gps(_351880057387987,6/10/2014,23:41:09,35.34062,25.136862,android)
gps(_351880057387987,6/10/2014,23:41:10,35.34062,25.136862,android)
gps(_351880057387987,6/10/2014,23:41:11,35.34062,25.136862,android)
gps(_351880057387987,6/10/2014,23:41:12,35.34062,25.136862,android)
gps(_351880057387987,6/10/2014,23:41:13,35.34062,25.136862,android)
gps(_351880057387987,6/10/2014,23:41:14,35.34062,25.136862,android)
gps(_351880057387987,6/10/2014,23:41:15,35.34062,25.136862,android)
gps(_351880057387987,6/10/2014,23:41:16,35.34062,25.136862,android)
gps(_351880057387987,6/10/2014,23:41:17,35.34062,25.136864,android)
gps(_351880057387987,6/10/2014,23:41:18,35.34062,25.136864,android)
gps(_351880057387987,6/10/2014,23:41:19,35.34062,25.136864,android)
gps(_351880057387987,6/10/2014,23:41:20,35.34062,25.136864,android)
gps(_351880057387987,6/10/2014,23:41:21,35.34062,25.136864,android)
gps(_351880057387987,6/10/2014,23:41:22,35.34062,25.136864,android)
gps(_351880057387987,6/10/2014,23:41:23,35.34062,25.136864,android)
gps(_351880057387987,6/10/2014,23:41:24,35.34062,25.136864,android)
gps(_351880057387987,6/10/2014,23:41:25,35.34062,25.136864,android)
gps(_351880057387987,6/10/2014,23:41:26,35.34062,25.136864,android)
gps(_351880057387987,6/10/2014,23:41:27,35.34062,25.136864,android)
gps(_351880057387987,6/10/2014,23:41:28,35.34062,25.136864,android)
gps(_351880057387987,6/10/2014,23:41:29,35.34062,25.136864,android)
gps(_351880057387987,6/10/2014,23:41:30,35.34062,25.136864,android)
gps(_351880057387987,6/10/2014,23:41:31,35.34062,25.136864,android)
gps(_351880057387987,6/10/2014,23:41:32,35.34062,25.136864,android)
gps(_351880057387987,6/10/2014,23:41:33,35.34062,25.136864,android)
gps(_351880057387987,6/10/2014,23:41:34,35.34062,25.136864,android)
gps(_351880057387987,6/10/2014,23:41:35,35.34062,25.136864,android)
gps(_351880057387987,6/10/2014,23:41:36,35.340622,25.136864,android)
gps(_351880057387987,6/10/2014,23:41:37,35.340622,25.136864,android)
gps(_351880057387987,6/10/2014,23:41:38,35.340622,25.136864,android)
gps(_351880057387987,6/10/2014,23:41:39,35.340622,25.136864,android)
gps(_351880057387987,6/10/2014,23:41:40,35.340622,25.136864,android)
gps(_351880057387987,6/10/2014,23:41:41,35.340622,25.136864,android)
gps(_351880057387987,6/10/2014,23:41:42,35.340622,25.136862,android)
gps(_351880057387987,6/10/2014,23:41:43,35.340622,25.136864,android)
gps(_351880057387987,6/10/2014,23:41:44,35.340622,25.136864,android)
gps(_351880057387987,6/10/2014,23:41:45,35.340622,25.136862,android)
gps(_351880057387987,6/10/2014,23:41:46,35.340622,25.136862,android)
gps(_351880057387987,6/10/2014,23:41:47,35.340622,25.136862,android)
gps(_351880057387987,6/10/2014,23:41:48,35.340622,25.136862,android)
gps(_351880057387987,6/10/2014,23:41:49,35.340622,25.136864,android)
gps(_351880057387987,6/10/2014,23:41:50,35.340622,25.136864,android)
gps(_351880057387987,6/10/2014,23:41:51,35.340622,25.136864,android)
gps(_351880057387987,6/10/2014,23:41:52,35.340622,25.136862,android)
gps(_351880057387987,6/10/2014,23:41:53,35.340622,25.136864,android)
gps(_351880057387987,6/10/2014,23:41:54,35.340622,25.136864,android)
gps(_351880057387987,6/10/2014,23:41:55,35.340622,25.136864,android)
gps(_351880057387987,6/10/2014,23:41:56,35.340622,25.136864,android)
gps(_351880057387987,6/10/2014,23:41:57,35.340622,25.136864,android)
gps(_351880057387987,6/10/2014,23:41:58,35.340622,25.136864,android)
gps(_351880057387987,6/10/2014,23:41:59,35.340622,25.136864,android)
gps(_351880057387987,6/10/2014,23:42:00,35.340622,25.136864,android)
gps(_351880057387987,6/10/2014,23:42:01,35.340622,25.136864,android)
gps(_351880057387987,6/10/2014,23:42:02,35.340622,25.136864,android)
gps(_351880057387987,6/10/2014,23:42:03,35.340622,25.136864,android)
gps(_351880057387987,6/10/2014,23:42:04,35.340622,25.136864,android)
gps(_351880057387987,6/10/2014,23:42:05,35.340622,25.136864,android)
gps(_351880057387987,6/10/2014,23:42:06,35.340622,25.136864,android)
gps(_351880057387987,6/10/2014,23:42:07,35.340622,25.136864,android)
gps(_351880057387987,6/10/2014,23:42:08,35.340622,25.136864,android)
gps(_351880057387987,6/10/2014,23:42:09,35.340622,25.136864,android)
gps(_351880057387987,6/10/2014,23:42:10,35.340622,25.136864,android)
gps(_351880057387987,6/10/2014,23:42:11,35.340622,25.136864,android)
gps(_351880057387987,6/10/2014,23:42:12,35.340622,25.136864,android)
gps(_351880057387987,6/10/2014,23:42:13,35.340622,25.136864,android)
gps(_351880057387987,6/10/2014,23:42:14,35.340622,25.136864,android)
gps(_351880057387987,6/10/2014,23:42:15,35.340622,25.136864,android)
gps(_351880057387987,6/10/2014,23:42:16,35.340622,25.136864,android)
gps(_351880057387987,6/10/2014,23:42:17,35.340622,25.136864,android)
gps(_351880057387987,6/10/2014,23:42:18,35.340622,25.136864,android)
gps(_351880057387987,6/10/2014,23:42:19,35.340622,25.136864,android)
gps(_351880057387987,6/10/2014,23:42:20,35.340622,25.136864,android)
gps(_351880057387987,6/10/2014,23:42:21,35.340622,25.136864,android)
gps(_351880057387987,6/10/2014,23:45:07,35.340652,25.137043,android)
gps(_351880057387987,6/10/2014,23:45:08,35.340645,25.137001,android)
gps(_351880057387987,6/10/2014,23:45:09,35.340637,25.136974,android)
gps(_351880057387987,6/10/2014,23:45:10,35.340633,25.136965,android)
gps(_351880057387987,6/10/2014,23:45:11,35.34063,25.136961,android)
gps(_351880057387987,6/10/2014,23:45:12,35.34063,25.136969,android)
gps(_351880057387987,6/10/2014,23:45:13,35.340633,25.136967,android)
gps(_351880057387987,6/10/2014,23:45:14,35.340633,25.136965,android)
gps(_351880057387987,6/10/2014,23:45:15,35.34063,25.13696,android)
gps(_351880057387987,6/10/2014,23:45:16,35.340626,25.136948,android)
gps(_351880057387987,6/10/2014,23:45:17,35.340626,25.136942,android)
gps(_351880057387987,6/10/2014,23:45:18,35.340626,25.13694,android)
gps(_351880057387987,6/10/2014,23:45:19,35.340626,25.136944,android)
gps(_351880057387987,6/10/2014,23:45:20,35.340626,25.136944,android)
gps(_351880057387987,6/10/2014,23:45:21,35.340626,25.136944,android)
gps(_351880057387987,6/10/2014,23:45:22,35.340626,25.13694,android)
gps(_351880057387987,6/10/2014,23:45:23,35.340626,25.13694,android)
gps(_351880057387987,6/10/2014,23:45:24,35.340622,25.136936,android)
gps(_351880057387987,6/10/2014,23:45:25,35.340622,25.136934,android)
gps(_351880057387987,6/10/2014,23:45:26,35.340622,25.136934,android)
gps(_351880057387987,6/10/2014,23:45:27,35.340622,25.136934,android)
gps(_351880057387987,6/10/2014,23:45:28,35.340622,25.136932,android)
gps(_351880057387987,6/10/2014,23:45:29,35.340622,25.136932,android)
gps(_351880057387987,6/10/2014,23:45:30,35.340622,25.136932,android)
gps(_351880057387987,6/10/2014,23:45:31,35.340622,25.136932,android)
gps(_351880057387987,6/10/2014,23:45:32,35.340622,25.136932,android)
gps(_351880057387987,6/10/2014,23:45:33,35.340622,25.136932,android)
gps(_351880057387987,6/10/2014,23:45:34,35.340622,25.136932,android)
gps(_351880057387987,6/10/2014,23:45:35,35.340622,25.136932,android)
gps(_351880057387987,6/10/2014,23:45:36,35.340622,25.136932,android)
gps(_351880057387987,6/10/2014,23:45:37,35.340622,25.136934,android)
gps(_351880057387987,6/10/2014,23:45:38,35.340622,25.136934,android)
gps(_351880057387987,6/10/2014,23:45:39,35.340622,25.136934,android)
gps(_351880057387987,6/10/2014,23:45:40,35.340622,25.136934,android)
gps(_351880057387987,6/10/2014,23:45:41,35.340622,25.136934,android)
gps(_351880057387987,6/10/2014,23:45:42,35.340622,25.136934,android)
gps(_351880057387987,6/10/2014,23:45:43,35.340622,25.136934,android)
gps(_351880057387987,6/10/2014,23:45:44,35.340622,25.136934,android)
gps(_351880057387987,6/10/2014,23:45:45,35.340622,25.136934,android)
gps(_351880057387987,6/10/2014,23:45:46,35.340622,25.136934,android)
gps(_351880057387987,6/10/2014,23:45:47,35.340622,25.136934,android)
gps(_351880057387987,6/10/2014,23:45:48,35.340622,25.136934,android)
gps(_351880057387987,6/10/2014,23:45:49,35.340622,25.136934,android)
gps(_351880057387987,6/10/2014,23:45:50,35.340622,25.136934,android)
gps(_351880057387987,6/10/2014,23:45:51,35.340622,25.136934,android)
gps(_351880057387987,6/10/2014,23:45:52,35.340622,25.136934,android)
gps(_351880057387987,6/10/2014,23:45:53,35.340622,25.136934,android)
gps(_351880057387987,6/10/2014,23:45:54,35.340622,25.136934,android)
gps(_351880057387987,6/10/2014,23:45:55,35.340622,25.136934,android)
gps(_351880057387987,6/10/2014,23:45:56,35.340622,25.136934,android)
gps(_351880057387987,6/10/2014,23:45:57,35.340622,25.136934,android)
gps(_351880057387987,6/10/2014,23:45:58,35.340622,25.136934,android)
gps(_351880057387987,6/10/2014,23:45:59,35.340622,25.136934,android)
gps(_351880057387987,6/10/2014,23:46:00,35.340622,25.136934,android)
gps(_351880057387987,6/10/2014,23:46:01,35.340622,25.136934,android)
gps(_351880057387987,6/10/2014,23:46:02,35.340622,25.136934,android)
gps(_351880057387987,6/10/2014,23:46:03,35.340622,25.136936,android)
gps(_351880057387987,6/10/2014,23:46:04,35.340622,25.136936,android)
gps(_351880057387987,6/10/2014,23:46:05,35.340622,25.136936,android)
gps(_351880057387987,6/10/2014,23:46:06,35.340622,25.136936,android)
gps(_351880057387987,6/10/2014,23:46:07,35.340622,25.136936,android)
gps(_351880057387987,6/10/2014,23:46:08,35.340622,25.136936,android)
gps(_351880057387987,6/10/2014,23:46:09,35.340622,25.136936,android)
gps(_351880057387987,6/10/2014,23:46:10,35.340622,25.136936,android)
gps(_351880057387987,6/10/2014,23:46:11,35.340622,25.136936,android)
gps(_351880057387987,6/10/2014,23:46:12,35.340622,25.136936,android)
gps(_351880057387987,6/10/2014,23:46:13,35.340622,25.136936,android)
gps(_351880057387987,6/10/2014,23:46:14,35.340622,25.136936,android)
gps(_351880057387987,6/10/2014,23:46:15,35.340622,25.136936,android)
gps(_351880057387987,6/10/2014,23:46:16,35.340622,25.136936,android)
gps(_351880057387987,6/10/2014,23:46:17,35.340622,25.136936,android)
gps(_351880057387987,6/10/2014,23:46:18,35.340622,25.136936,android)
gps(_351880057387987,6/10/2014,23:46:19,35.340622,25.136936,android)
gps(_351880057387987,6/10/2014,23:46:20,35.340622,25.136936,android)
gps(_351880057387987,6/10/2014,23:46:21,35.340622,25.136936,android)
gps(_351880057387987,6/10/2014,23:46:22,35.340622,25.136936,android)
gps(_351880057387987,6/10/2014,23:46:23,35.340622,25.136936,android)
gps(_351880057387987,6/10/2014,23:46:24,35.340622,25.136936,android)
gps(_351880057387987,6/10/2014,23:46:25,35.340622,25.136936,android)
gps(_351880057387987,6/10/2014,23:46:26,35.340622,25.136936,android)
gps(_351880057387987,6/10/2014,23:46:27,35.340622,25.136936,android)
gps(_351880057387987,6/10/2014,23:46:28,35.340622,25.136936,android)
gps(_351880057387987,6/10/2014,23:46:29,35.340622,25.136936,android)
gps(_351880057387987,6/10/2014,23:46:30,35.340622,25.136936,android)
gps(_351880057387987,6/10/2014,23:46:31,35.340622,25.136936,android)
gps(_351880057387987,6/10/2014,23:46:32,35.340622,25.136936,android)
gps(_351880057387987,6/10/2014,23:46:33,35.340622,25.136936,android)
gps(_351880057387987,6/10/2014,23:46:34,35.340622,25.136936,android)
gps(_351880057387987,6/10/2014,23:46:35,35.340622,25.136936,android)
gps(_351880057387987,6/10/2014,23:46:36,35.340622,25.136936,android)
gps(_351880057387987,6/10/2014,23:46:37,35.340622,25.136936,android)
gps(_351880057387987,6/10/2014,23:46:38,35.340622,25.136936,android)
gps(_351880057387987,6/10/2014,23:46:39,35.340622,25.136936,android)
gps(_351880057387987,6/10/2014,23:46:40,35.340622,25.136936,android)
gps(_351880057387987,6/10/2014,23:46:41,35.340622,25.136936,android)
gps(_351880057387987,6/10/2014,23:46:42,35.340622,25.136936,android)
gps(_351880057387987,6/10/2014,23:46:43,35.340622,25.136936,android)
gps(_351880057387987,6/10/2014,23:46:44,35.340622,25.136936,android)
gps(_351880057387987,6/10/2014,23:46:45,35.340622,25.136936,android)
gps(_351880057387987,6/10/2014,23:46:46,35.340622,25.136936,android)
gps(_351880057387987,6/10/2014,23:46:47,35.340622,25.136936,android)
gps(_351880057387987,6/10/2014,23:46:48,35.340622,25.136936,android)
gps(_351880057387987,6/10/2014,23:46:49,35.340622,25.136936,android)
gps(_351880057387987,6/10/2014,23:46:50,35.340622,25.136936,android)
gps(_351880057387987,6/10/2014,23:46:51,35.340622,25.136936,android)
gps(_351880057387987,6/10/2014,23:46:52,35.340622,25.136936,android)
gps(_351880057387987,6/10/2014,23:46:53,35.340622,25.136936,android)
gps(_351880057387987,6/10/2014,23:46:54,35.340622,25.136936,android)
gps(_351880057387987,6/10/2014,23:46:55,35.340622,25.136936,android)
gps(_351880057387987,6/10/2014,23:46:56,35.340622,25.136936,android)
gps(_351880057387987,6/10/2014,23:46:57,35.340622,25.136936,android)
gps(_351880057387987,6/10/2014,23:46:58,35.340622,25.136938,android)
gps(_351880057387987,6/10/2014,23:46:59,35.340622,25.136938,android)
gps(_351880057387987,6/10/2014,23:47:00,35.340622,25.136938,android)
gps(_351880057387987,6/10/2014,23:47:01,35.340622,25.136938,android)
gps(_351880057387987,6/10/2014,23:47:02,35.340622,25.136938,android)
gps(_351880057387987,6/10/2014,23:47:03,35.340622,25.136938,android)
gps(_351880057387987,6/10/2014,23:47:04,35.340622,25.136938,android)
gps(_351880057387987,6/10/2014,23:47:05,35.340622,25.136938,android)
gps(_351880057387987,6/10/2014,23:47:06,35.340622,25.136938,android)
gps(_351880057387987,6/10/2014,23:47:07,35.340622,25.136938,android)
gps(_351880057387987,6/10/2014,23:47:08,35.340622,25.136938,android)
gps(_351880057387987,6/10/2014,23:47:09,35.340622,25.136938,android)
gps(_351880057387987,6/10/2014,23:47:10,35.340622,25.136938,android)
gps(_351880057387987,6/10/2014,23:47:11,35.340622,25.136938,android)
gps(_351880057387987,6/10/2014,23:47:12,35.340622,25.136938,android)
gps(_351880057387987,6/10/2014,23:47:13,35.340622,25.136938,android)
gps(_351880057387987,6/10/2014,23:47:14,35.340622,25.136938,android)
gps(_351880057387987,6/10/2014,23:47:15,35.340622,25.136938,android)
gps(_351880057387987,6/10/2014,23:47:16,35.340622,25.136938,android)
gps(_351880057387987,6/10/2014,23:47:17,35.340622,25.136938,android)
gps(_351880057387987,6/10/2014,23:47:18,35.340622,25.136938,android)
gps(_351880057387987,6/10/2014,23:47:19,35.340622,25.136938,android)
gps(_351880057387987,6/10/2014,23:47:20,35.340622,25.136938,android)
gps(_351880057387987,6/10/2014,23:47:21,35.340622,25.136938,android)
gps(_351880057387987,6/10/2014,23:47:22,35.340622,25.136938,android)
gps(_351880057387987,6/10/2014,23:47:23,35.340622,25.136938,android)
gps(_351880057387987,6/10/2014,23:47:24,35.340622,25.136938,android)
gps(_351880057387987,6/10/2014,23:47:25,35.340622,25.136938,android)
gps(_351880057387987,6/10/2014,23:47:26,35.340622,25.136938,android)
gps(_351880057387987,6/10/2014,23:47:27,35.340622,25.136938,android)
gps(_351880057387987,6/10/2014,23:47:28,35.340622,25.136938,android)
gps(_351880057387987,6/10/2014,23:47:29,35.340622,25.136938,android)
gps(_351880057387987,6/10/2014,23:47:30,35.340622,25.136938,android)
gps(_351880057387987,6/10/2014,23:47:31,35.340622,25.136938,android)
gps(_351880057387987,6/10/2014,23:47:32,35.340622,25.136938,android)
gps(_351880057387987,6/10/2014,23:47:33,35.340622,25.136938,android)
gps(_351880057387987,6/10/2014,23:47:34,35.340622,25.136938,android)
gps(_351880057387987,6/10/2014,23:47:35,35.340622,25.136938,android)
gps(_351880057387987,6/10/2014,23:47:36,35.340622,25.136938,android)
gps(_351880057387987,6/10/2014,23:47:37,35.340622,25.136938,android)
gps(_351880057387987,6/10/2014,23:47:38,35.340622,25.136938,android)
gps(_351880057387987,6/10/2014,23:47:39,35.340622,25.136938,android)
gps(_351880057387987,6/10/2014,23:47:40,35.340622,25.136938,android)
gps(_351880057387987,6/10/2014,23:47:41,35.340622,25.136938,android)
gps(_351880057387987,6/10/2014,23:47:42,35.340622,25.136938,android)
gps(_351880057387987,6/10/2014,23:47:43,35.340622,25.136938,android)
gps(_351880057387987,6/10/2014,23:47:44,35.340622,25.136938,android)
gps(_351880057387987,6/10/2014,23:47:45,35.340622,25.136938,android)
gps(_351880057387987,6/10/2014,23:47:46,35.340622,25.136938,android)
gps(_351880057387987,6/10/2014,23:47:47,35.340622,25.136938,android)
gps(_351880057387987,6/10/2014,23:47:48,35.340622,25.136938,android)
gps(_351880057387987,6/10/2014,23:47:49,35.340622,25.136938,android)
gps(_351880057387987,6/10/2014,23:47:50,35.340622,25.136938,android)
gps(_351880057387987,6/10/2014,23:47:51,35.340622,25.136938,android)
gps(_351880057387987,6/10/2014,23:47:52,35.340622,25.136938,android)
gps(_351880057387987,6/10/2014,23:47:53,35.340622,25.136938,android)
gps(_351880057387987,6/10/2014,23:47:54,35.340622,25.136938,android)
gps(_351880057387987,6/10/2014,23:47:55,35.340622,25.136938,android)
gps(_351880057387987,6/10/2014,23:47:56,35.340622,25.136938,android)
gps(_351880057387987,6/10/2014,23:47:57,35.340622,25.136938,android)
gps(_351880057387987,6/10/2014,23:47:58,35.340622,25.136938,android)
gps(_351880057387987,6/10/2014,23:47:59,35.340622,25.136938,android)
gps(_351880057387987,6/10/2014,23:48:00,35.340622,25.136938,android)
gps(_351880057387987,6/10/2014,23:48:01,35.340622,25.136938,android)
gps(_351880057387987,6/10/2014,23:48:02,35.340622,25.136938,android)
gps(_351880057387987,6/10/2014,23:48:03,35.340622,25.136938,android)
gps(_351880057387987,6/10/2014,23:48:04,35.340622,25.136938,android)
gps(_351880057387987,6/10/2014,23:48:05,35.340622,25.136938,android)
gps(_351880057387987,6/10/2014,23:48:06,35.340622,25.136938,android)
gps(_351880057387987,6/10/2014,23:48:07,35.340622,25.136938,android)
gps(_351880057387987,6/10/2014,23:48:08,35.340622,25.136938,android)
gps(_351880057387987,6/10/2014,23:48:09,35.340622,25.136938,android)
gps(_351880057387987,6/10/2014,23:48:10,35.340622,25.136938,android)
gps(_351880057387987,6/10/2014,23:48:11,35.340622,25.136938,android)
gps(_351880057387987,6/10/2014,23:48:12,35.340622,25.136938,android)
gps(_351880057387987,6/10/2014,23:48:13,35.340622,25.136938,android)
gps(_351880057387987,6/10/2014,23:48:14,35.340622,25.136938,android)
gps(_351880057387987,6/10/2014,23:48:15,35.340622,25.136938,android)
gps(_351880057387987,6/10/2014,23:48:16,35.340622,25.136938,android)
gps(_351880057387987,6/10/2014,23:48:17,35.340622,25.136938,android)
gps(_351880057387987,6/10/2014,23:48:18,35.340622,25.136938,android)
gps(_351880057387987,6/10/2014,23:48:19,35.340622,25.136938,android)
gps(_351880057387987,6/10/2014,23:48:20,35.340622,25.136938,android)
gps(_351880057387987,6/10/2014,23:48:21,35.340622,25.136938,android)
gps(_351880057387987,6/10/2014,23:48:22,35.340622,25.136938,android)
gps(_351880057387987,6/10/2014,23:48:23,35.340622,25.136938,android)
gps(_351880057387987,6/10/2014,23:48:24,35.340622,25.136938,android)
gps(_351880057387987,6/10/2014,23:48:25,35.340622,25.136938,android)
gps(_351880057387987,6/10/2014,23:48:26,35.340622,25.136938,android)
gps(_351880057387987,6/10/2014,23:48:27,35.340622,25.136938,android)
gps(_351880057387987,6/10/2014,23:48:28,35.340622,25.136936,android)
gps(_351880057387987,6/10/2014,23:48:29,35.340622,25.136936,android)
gps(_351880057387987,6/10/2014,23:48:30,35.340622,25.136936,android)
gps(_351880057387987,6/10/2014,23:48:31,35.340622,25.136936,android)
gps(_351880057387987,6/10/2014,23:48:32,35.340622,25.136936,android)
gps(_351880057387987,6/10/2014,23:48:33,35.340622,25.136936,android)
gps(_351880057387987,6/10/2014,23:48:34,35.340622,25.136936,android)
gps(_351880057387987,6/10/2014,23:48:35,35.340622,25.136936,android)
gps(_351880057387987,6/10/2014,23:48:36,35.340622,25.136936,android)
gps(_351880057387987,6/10/2014,23:48:37,35.340622,25.136936,android)
gps(_351880057387987,6/10/2014,23:48:38,35.340622,25.136936,android)
gps(_351880057387987,6/10/2014,23:48:39,35.340622,25.136936,android)
gps(_351880057387987,6/10/2014,23:48:40,35.340622,25.136936,android)
gps(_351880057387987,6/10/2014,23:48:41,35.340622,25.136936,android)
gps(_351880057387987,6/10/2014,23:48:42,35.340622,25.136936,android)
gps(_351880057387987,6/10/2014,23:48:43,35.340622,25.136936,android)
gps(_351880057387987,6/10/2014,23:48:44,35.340622,25.136936,android)
gps(_351880057387987,6/10/2014,23:48:45,35.340622,25.136936,android)
gps(_351880057387987,6/10/2014,23:48:46,35.340622,25.136936,android)
gps(_351880057387987,6/10/2014,23:48:47,35.340622,25.136936,android)
gps(_351880057387987,6/10/2014,23:48:48,35.340622,25.136936,android)
gps(_351880057387987,6/10/2014,23:48:49,35.340622,25.136936,android)
gps(_351880057387987,6/10/2014,23:48:50,35.340622,25.136936,android)
gps(_351880057387987,6/10/2014,23:48:51,35.340622,25.136936,android)
gps(_351880057387987,6/10/2014,23:48:52,35.340622,25.136936,android)
gps(_351880057387987,6/10/2014,23:48:53,35.340622,25.136936,android)
gps(_351880057387987,6/10/2014,23:48:54,35.340622,25.136936,android)
gps(_351880057387987,6/10/2014,23:48:55,35.340622,25.136936,android)
gps(_351880057387987,6/10/2014,23:48:56,35.340622,25.136936,android)
gps(_351880057387987,6/10/2014,23:48:57,35.340622,25.136936,android)
gps(_351880057387987,6/10/2014,23:48:58,35.340622,25.136936,android)
gps(_351880057387987,6/10/2014,23:48:59,35.340622,25.136936,android)
gps(_351880057387987,6/10/2014,23:49:00,35.340622,25.136936,android)
gps(_351880057387987,6/10/2014,23:49:01,35.340622,25.136936,android)
gps(_351880057387987,6/10/2014,23:49:02,35.340622,25.136936,android)
gps(_351880057387987,6/10/2014,23:49:03,35.340622,25.136936,android)
gps(_351880057387987,6/10/2014,23:49:04,35.340622,25.136936,android)
gps(_351880057387987,6/10/2014,23:49:05,35.340622,25.136936,android)
gps(_351880057387987,6/10/2014,23:49:06,35.340622,25.136936,android)
gps(_351880057387987,6/10/2014,23:49:07,35.340622,25.136936,android)
gps(_351880057387987,6/10/2014,23:49:08,35.340622,25.136936,android)
gps(_351880057387987,6/10/2014,23:49:09,35.340622,25.136936,android)
gps(_351880057387987,6/10/2014,23:49:10,35.340622,25.136936,android)
gps(_351880057387987,6/10/2014,23:49:11,35.340622,25.136936,android)
gps(_351880057387987,6/10/2014,23:49:12,35.340622,25.136936,android)
gps(_351880057387987,6/10/2014,23:49:13,35.340622,25.136938,android)
gps(_351880057387987,6/10/2014,23:49:14,35.340622,25.136938,android)
gps(_351880057387987,6/10/2014,23:49:15,35.340622,25.136938,android)
gps(_351880057387987,6/10/2014,23:49:16,35.340622,25.136938,android)
gps(_351880057387987,6/10/2014,23:49:17,35.340622,25.136938,android)
gps(_351880057387987,6/10/2014,23:49:18,35.340622,25.136938,android)
gps(_351880057387987,6/10/2014,23:49:19,35.340622,25.136938,android)
gps(_351880057387987,6/10/2014,23:49:20,35.340622,25.136938,android)
gps(_351880057387987,6/10/2014,23:49:21,35.340622,25.136938,android)
gps(_351880057387987,6/10/2014,23:49:22,35.340622,25.136938,android)
gps(_351880057387987,6/10/2014,23:49:23,35.340622,25.136938,android)
gps(_351880057387987,6/10/2014,23:49:24,35.340622,25.136938,android)
gps(_351880057387987,6/10/2014,23:49:25,35.340622,25.136938,android)
gps(_351880057387987,6/10/2014,23:49:26,35.340622,25.136938,android)
gps(15555215554_000000000000000,7/10/2014,12:03:09,22.222,23.222,android)
gps(15555215554_000000000000000,7/10/2014,12:03:34,22.222,23.222,android)
gps(15555215554_000000000000000,7/10/2014,12:03:36,22.222,23.222,android)
gps(15555215554_000000000000000,7/10/2014,12:03:43,12.221998,22.222,android)
gps(15555215554_000000000000000,7/10/2014,12:04:27,22.222,23.222,android)
gps(15555215554_000000000000000,7/10/2014,12:04:32,22.222,23.222,android)
gps(15555215554_000000000000000,7/10/2014,12:04:35,22.222,23.222,android)
gps(15555215554_000000000000000,7/10/2014,12:04:39,12.221998,22.222,android)
gps(15555215554_000000000000000,7/10/2014,13:08:03,12.221998,22.222,android)
gps(15555215554_000000000000000,7/10/2014,13:10:38,12.221998,22.222,android)
gps(15555215554_000000000000000,7/10/2014,13:10:44,22.222,23.222,android)
gps(15555215554_000000000000000,7/10/2014,13:13:29,12.221998,22.222,android)
gps(_351880057387987,7/10/2014,13:18:49,0.0,0.0,android)
gps(15555215554_000000000000000,7/10/2014,13:20:13,12.221998,22.222,android)
gps(15555215554_000000000000000,7/10/2014,13:20:25,12.221998,22.222,android)
gps(15555215554_000000000000000,7/10/2014,13:21:00,22.222,23.222,android)
gps(15555215554_000000000000000,7/10/2014,13:22:00,22.222,23.222,android)
gps(15555215554_000000000000000,7/10/2014,13:22:05,12.221998,22.222,android)
gps(15555215554_000000000000000,7/10/2014,13:34:35,22.222,23.222,android)
gps(15555215554_000000000000000,7/10/2014,13:34:56,12.221998,22.222,android)
gps(15555215554_000000000000000,7/10/2014,13:35:02,12.221998,22.222,android)
gps(15555215554_000000000000000,7/10/2014,13:35:17,12.221998,22.222,android)
gps(15555215554_000000000000000,7/10/2014,13:39:34,22.222,23.222,android)
gps(15555215554_000000000000000,7/10/2014,14:04:40,22.222,23.222,test)
gps(15555215554_000000000000000,7/10/2014,14:04:51,12.221998,22.222,test)
gps(15555215554_000000000000000,7/10/2014,14:04:58,12.221998,22.222,test)
gps(15555215554_000000000000000,7/10/2014,16:47:18,24.443998,32.2222,)
gps(15555215554_000000000000000,7/10/2014,16:47:48,24.443998,32.2222,geia)
gps(_351880057387987,7/10/2014,20:29:58,35.338833,25.136026,)
gps(_351880057387987,7/10/2014,20:30:00,35.338837,25.136028,)
gps(_351880057387987,7/10/2014,20:30:01,35.33884,25.136023,)
gps(_351880057387987,7/10/2014,20:30:01,35.338844,25.136013,)
gps(_351880057387987,7/10/2014,20:30:01,35.338844,25.136013,)
gps(_351880057387987,7/10/2014,20:30:02,35.338837,25.13602,)
gps(_351880057387987,7/10/2014,20:30:04,35.33884,25.13602,)
gps(_351880057387987,7/10/2014,20:30:05,35.338844,25.13602,)
gps(_351880057387987,7/10/2014,20:30:06,35.33884,25.13602,)
gps(_351880057387987,7/10/2014,20:30:07,35.338837,25.136013,)
gps(_351880057387987,7/10/2014,20:30:08,35.33884,25.136013,)
gps(_351880057387987,7/10/2014,20:30:09,35.33884,25.136013,)
gps(_351880057387987,7/10/2014,20:30:11,35.338837,25.136013,)
gps(_351880057387987,7/10/2014,20:30:12,35.338837,25.136013,)
gps(_351880057387987,7/10/2014,20:30:12,35.338837,25.136013,)
gps(_351880057387987,7/10/2014,20:30:13,35.338837,25.136013,)
gps(_351880057387987,10/10/2014,14:11:42,35.305374,25.072372,)
gps(_351880057387987,10/10/2014,14:11:44,35.30537,25.07181,)
gps(_351880057387987,10/10/2014,14:11:46,35.30541,25.071712,)
gps(_351880057387987,10/10/2014,14:11:47,35.30535,25.071842,h)
gps(_351880057387987,10/10/2014,14:11:48,35.30535,25.071852,hell)
gps(_351880057387987,10/10/2014,14:11:49,35.30539,25.07175,hello)
gps(_351880057387987,10/10/2014,14:11:49,35.30541,25.071766,hello)
gps(_351880057387987,10/10/2014,14:11:50,35.305443,25.071762,hello)
gps(_351880057387987,10/10/2014,14:35:02,35.305534,25.071857,hello)
gps(,19/0/2015,17:23:05,48.1923203,16.3726855,)
gps(,19/0/2015,17:23:17,48.1923203,16.3726855,hello from vienna)
gps(_357537064843618,11/5/2015,16:04:27,35.339138,25.133385,mprizolomperdemata)
gps(_357537064843618,11/5/2015,16:04:29,35.339184,25.133356,mprizolomperdemata)
gps(,17/8/2015,11:55:57,38.0457568,23.858473699999998,yolo)
gps(,17/8/2015,11:56:11,38.0457568,23.858473699999998,yolo)
gps(,17/8/2015,11:56:16,38.0457568,23.858473699999998,yolo)
gps(,17/8/2015,12:09:00,37.998480799999996,23.7707521,yo!)
gps(,17/8/2015,12:43:19,37.990809600000006,23.7450911,fuck this location)
gps(,17/8/2015,12:55:19,35.338730999999996,25.148249099999997,ooo)
gps(,17/8/2015,15:31:10,37.990809600000006,23.7450911,o ammar einai vlks)
gps(,3/10/2015,13:08:30,35.305164399999995,25.071705899999998,test)
gps(,5/10/2015,12:15:13,35.338730999999996,25.148249099999997,test)
